#! /usr/bin/vvp
:ivl_version "11.0 (stable)";
:ivl_delay_selection "TYPICAL";
:vpi_time_precision + 0;
:vpi_module "/usr/lib/x86_64-linux-gnu/ivl/system.vpi";
:vpi_module "/usr/lib/x86_64-linux-gnu/ivl/vhdl_sys.vpi";
:vpi_module "/usr/lib/x86_64-linux-gnu/ivl/vhdl_textio.vpi";
:vpi_module "/usr/lib/x86_64-linux-gnu/ivl/v2005_math.vpi";
:vpi_module "/usr/lib/x86_64-linux-gnu/ivl/va_math.vpi";
:vpi_module "/usr/lib/x86_64-linux-gnu/ivl/v2009.vpi";
S_0x564a9cd25db0 .scope package, "$unit" "$unit" 2 1;
 .timescale 0 0;
S_0x564a9cd25f40 .scope module, "Instruction_Memory_tb" "Instruction_Memory_tb" 3 1;
 .timescale 0 0;
v0x564a9cd46320_0 .var "addr", 31 0;
v0x564a9cd46410_0 .net "inst", 31 0, L_0x564a9cd465d0;  1 drivers
S_0x564a9cce6cf0 .scope module, "uut" "Instruction_Memory" 3 7, 4 1 0, S_0x564a9cd25f40;
 .timescale 0 0;
    .port_info 0 /INPUT 32 "addr";
    .port_info 1 /OUTPUT 32 "inst";
L_0x564a9cd465d0 .functor BUFZ 32, L_0x564a9cd464e0, C4<00000000000000000000000000000000>, C4<00000000000000000000000000000000>, C4<00000000000000000000000000000000>;
v0x564a9cce6ed0 .array "I_Mem", 0 110, 31 0;
v0x564a9cce6f70_0 .net *"_ivl_0", 31 0, L_0x564a9cd464e0;  1 drivers
v0x564a9cd46120_0 .net "addr", 31 0, v0x564a9cd46320_0;  1 drivers
v0x564a9cd461e0_0 .net "inst", 31 0, L_0x564a9cd465d0;  alias, 1 drivers
E_0x564a9cce7720 .event edge, v0x564a9cd46120_0;
L_0x564a9cd464e0 .array/port v0x564a9cce6ed0, v0x564a9cd46320_0;
    .scope S_0x564a9cce6cf0;
T_0 ;
    %wait E_0x564a9cce7720;
    %pushi/vec4 0, 0, 32;
    %ix/load 4, 0, 0;
    %flag_set/imm 4, 0;
    %store/vec4a v0x564a9cce6ed0, 4, 0;
    %pushi/vec4 26740403, 0, 32;
    %ix/load 4, 4, 0;
    %flag_set/imm 4, 0;
    %store/vec4a v0x564a9cce6ed0, 4, 0;
    %pushi/vec4 1077150387, 0, 32;
    %ix/load 4, 8, 0;
    %flag_set/imm 4, 0;
    %store/vec4a v0x564a9cce6ed0, 4, 0;
    %pushi/vec4 3240115, 0, 32;
    %ix/load 4, 12, 0;
    %flag_set/imm 4, 0;
    %store/vec4a v0x564a9cce6ed0, 4, 0;
    %pushi/vec4 5366323, 0, 32;
    %ix/load 4, 16, 0;
    %flag_set/imm 4, 0;
    %store/vec4a v0x564a9cce6ed0, 4, 0;
    %pushi/vec4 5358131, 0, 32;
    %ix/load 4, 20, 0;
    %flag_set/imm 4, 0;
    %store/vec4a v0x564a9cce6ed0, 4, 0;
    %pushi/vec4 5345843, 0, 32;
    %ix/load 4, 24, 0;
    %flag_set/imm 4, 0;
    %store/vec4a v0x564a9cce6ed0, 4, 0;
    %pushi/vec4 5362227, 0, 32;
    %ix/load 4, 28, 0;
    %flag_set/imm 4, 0;
    %store/vec4a v0x564a9cce6ed0, 4, 0;
    %pushi/vec4 1075958451, 0, 32;
    %ix/load 4, 32, 0;
    %flag_set/imm 4, 0;
    %store/vec4a v0x564a9cce6ed0, 4, 0;
    %pushi/vec4 2204339, 0, 32;
    %ix/load 4, 36, 0;
    %flag_set/imm 4, 0;
    %store/vec4a v0x564a9cce6ed0, 4, 0;
    %pushi/vec4 2788115, 0, 32;
    %ix/load 4, 40, 0;
    %flag_set/imm 4, 0;
    %store/vec4a v0x564a9cce6ed0, 4, 0;
    %pushi/vec4 3433619, 0, 32;
    %ix/load 4, 44, 0;
    %flag_set/imm 4, 0;
    %store/vec4a v0x564a9cce6ed0, 4, 0;
    %pushi/vec4 4482195, 0, 32;
    %ix/load 4, 48, 0;
    %flag_set/imm 4, 0;
    %store/vec4a v0x564a9cce6ed0, 4, 0;
    %pushi/vec4 5337235, 0, 32;
    %ix/load 4, 52, 0;
    %flag_set/imm 4, 0;
    %store/vec4a v0x564a9cce6ed0, 4, 0;
    %pushi/vec4 6394387, 0, 32;
    %ix/load 4, 56, 0;
    %flag_set/imm 4, 0;
    %store/vec4a v0x564a9cce6ed0, 4, 0;
    %pushi/vec4 7459347, 0, 32;
    %ix/load 4, 60, 0;
    %flag_set/imm 4, 0;
    %store/vec4a v0x564a9cce6ed0, 4, 0;
    %pushi/vec4 8508051, 0, 32;
    %ix/load 4, 64, 0;
    %flag_set/imm 4, 0;
    %store/vec4a v0x564a9cce6ed0, 4, 0;
    %pushi/vec4 9544339, 0, 32;
    %ix/load 4, 68, 0;
    %flag_set/imm 4, 0;
    %store/vec4a v0x564a9cce6ed0, 4, 0;
    %pushi/vec4 5342339, 0, 32;
    %ix/load 4, 72, 0;
    %flag_set/imm 4, 0;
    %store/vec4a v0x564a9cce6ed0, 4, 0;
    %pushi/vec4 3249283, 0, 32;
    %ix/load 4, 76, 0;
    %flag_set/imm 4, 0;
    %store/vec4a v0x564a9cce6ed0, 4, 0;
    %pushi/vec4 15803395, 0, 32;
    %ix/load 4, 80, 0;
    %flag_set/imm 4, 0;
    %store/vec4a v0x564a9cce6ed0, 4, 0;
    %pushi/vec4 15828003, 0, 32;
    %ix/load 4, 84, 0;
    %flag_set/imm 4, 0;
    %store/vec4a v0x564a9cce6ed0, 4, 0;
    %pushi/vec4 14882083, 0, 32;
    %ix/load 4, 86, 0;
    %flag_set/imm 4, 0;
    %store/vec4a v0x564a9cce6ed0, 4, 0;
    %pushi/vec4 14886435, 0, 32;
    %ix/load 4, 90, 0;
    %flag_set/imm 4, 0;
    %store/vec4a v0x564a9cce6ed0, 4, 0;
    %pushi/vec4 9733731, 0, 32;
    %ix/load 4, 94, 0;
    %flag_set/imm 4, 0;
    %store/vec4a v0x564a9cce6ed0, 4, 0;
    %pushi/vec4 9738083, 0, 32;
    %ix/load 4, 98, 0;
    %flag_set/imm 4, 0;
    %store/vec4a v0x564a9cce6ed0, 4, 0;
    %pushi/vec4 164279, 0, 32;
    %ix/load 4, 102, 0;
    %flag_set/imm 4, 0;
    %store/vec4a v0x564a9cce6ed0, 4, 0;
    %pushi/vec4 82583, 0, 32;
    %ix/load 4, 106, 0;
    %flag_set/imm 4, 0;
    %store/vec4a v0x564a9cce6ed0, 4, 0;
    %pushi/vec4 82159, 0, 32;
    %ix/load 4, 110, 0;
    %flag_set/imm 4, 0;
    %store/vec4a v0x564a9cce6ed0, 4, 0;
    %jmp T_0;
    .thread T_0, $push;
    .scope S_0x564a9cd25f40;
T_1 ;
    %vpi_call/w 3 15 "$dumpfile", "instruction_memory_tb.vcd" {0 0 0};
    %vpi_call/w 3 16 "$dumpvars", 32'sb00000000000000000000000000000000, S_0x564a9cd25f40 {0 0 0};
    %pushi/vec4 0, 0, 32;
    %store/vec4 v0x564a9cd46320_0, 0, 32;
    %delay 10, 0;
    %pushi/vec4 0, 0, 32;
    %store/vec4 v0x564a9cd46320_0, 0, 32;
    %delay 10, 0;
    %pushi/vec4 4, 0, 32;
    %store/vec4 v0x564a9cd46320_0, 0, 32;
    %delay 10, 0;
    %pushi/vec4 8, 0, 32;
    %store/vec4 v0x564a9cd46320_0, 0, 32;
    %delay 10, 0;
    %pushi/vec4 12, 0, 32;
    %store/vec4 v0x564a9cd46320_0, 0, 32;
    %delay 10, 0;
    %pushi/vec4 16, 0, 32;
    %store/vec4 v0x564a9cd46320_0, 0, 32;
    %delay 10, 0;
    %pushi/vec4 20, 0, 32;
    %store/vec4 v0x564a9cd46320_0, 0, 32;
    %delay 10, 0;
    %pushi/vec4 24, 0, 32;
    %store/vec4 v0x564a9cd46320_0, 0, 32;
    %delay 10, 0;
    %pushi/vec4 28, 0, 32;
    %store/vec4 v0x564a9cd46320_0, 0, 32;
    %delay 10, 0;
    %pushi/vec4 32, 0, 32;
    %store/vec4 v0x564a9cd46320_0, 0, 32;
    %delay 10, 0;
    %pushi/vec4 36, 0, 32;
    %store/vec4 v0x564a9cd46320_0, 0, 32;
    %delay 10, 0;
    %pushi/vec4 40, 0, 32;
    %store/vec4 v0x564a9cd46320_0, 0, 32;
    %delay 10, 0;
    %pushi/vec4 44, 0, 32;
    %store/vec4 v0x564a9cd46320_0, 0, 32;
    %delay 10, 0;
    %pushi/vec4 48, 0, 32;
    %store/vec4 v0x564a9cd46320_0, 0, 32;
    %delay 10, 0;
    %pushi/vec4 52, 0, 32;
    %store/vec4 v0x564a9cd46320_0, 0, 32;
    %delay 10, 0;
    %pushi/vec4 56, 0, 32;
    %store/vec4 v0x564a9cd46320_0, 0, 32;
    %delay 10, 0;
    %pushi/vec4 60, 0, 32;
    %store/vec4 v0x564a9cd46320_0, 0, 32;
    %delay 10, 0;
    %pushi/vec4 64, 0, 32;
    %store/vec4 v0x564a9cd46320_0, 0, 32;
    %delay 10, 0;
    %pushi/vec4 68, 0, 32;
    %store/vec4 v0x564a9cd46320_0, 0, 32;
    %delay 10, 0;
    %pushi/vec4 72, 0, 32;
    %store/vec4 v0x564a9cd46320_0, 0, 32;
    %delay 10, 0;
    %pushi/vec4 76, 0, 32;
    %store/vec4 v0x564a9cd46320_0, 0, 32;
    %delay 10, 0;
    %pushi/vec4 80, 0, 32;
    %store/vec4 v0x564a9cd46320_0, 0, 32;
    %delay 10, 0;
    %pushi/vec4 84, 0, 32;
    %store/vec4 v0x564a9cd46320_0, 0, 32;
    %delay 10, 0;
    %pushi/vec4 86, 0, 32;
    %store/vec4 v0x564a9cd46320_0, 0, 32;
    %delay 10, 0;
    %pushi/vec4 90, 0, 32;
    %store/vec4 v0x564a9cd46320_0, 0, 32;
    %delay 10, 0;
    %pushi/vec4 94, 0, 32;
    %store/vec4 v0x564a9cd46320_0, 0, 32;
    %delay 10, 0;
    %pushi/vec4 98, 0, 32;
    %store/vec4 v0x564a9cd46320_0, 0, 32;
    %delay 10, 0;
    %pushi/vec4 102, 0, 32;
    %store/vec4 v0x564a9cd46320_0, 0, 32;
    %delay 10, 0;
    %pushi/vec4 106, 0, 32;
    %store/vec4 v0x564a9cd46320_0, 0, 32;
    %delay 10, 0;
    %pushi/vec4 110, 0, 32;
    %store/vec4 v0x564a9cd46320_0, 0, 32;
    %delay 10, 0;
    %vpi_call/w 3 51 "$finish" {0 0 0};
    %end;
    .thread T_1;
    .scope S_0x564a9cd25f40;
T_2 ;
    %vpi_call/w 3 56 "$monitor", "At time %t, addr = %d, inst = %h", $time, v0x564a9cd46320_0, v0x564a9cd46410_0 {0 0 0};
    %end;
    .thread T_2;
# The file index is used to find the file name in the following table.
:file_names 5;
    "N/A";
    "<interactive>";
    "-";
    "IMEM_tb.v";
    "IMEM.v";
