#! /usr/bin/vvp
:ivl_version "11.0 (stable)";
:ivl_delay_selection "TYPICAL";
:vpi_time_precision + 0;
:vpi_module "/usr/lib/x86_64-linux-gnu/ivl/system.vpi";
:vpi_module "/usr/lib/x86_64-linux-gnu/ivl/vhdl_sys.vpi";
:vpi_module "/usr/lib/x86_64-linux-gnu/ivl/vhdl_textio.vpi";
:vpi_module "/usr/lib/x86_64-linux-gnu/ivl/v2005_math.vpi";
:vpi_module "/usr/lib/x86_64-linux-gnu/ivl/va_math.vpi";
:vpi_module "/usr/lib/x86_64-linux-gnu/ivl/v2009.vpi";
S_0x56160c64fc70 .scope package, "$unit" "$unit" 2 1;
 .timescale 0 0;
S_0x56160c64fe00 .scope module, "Data_Memory_tb" "Data_Memory_tb" 3 1;
 .timescale 0 0;
v0x56160c66ced0_0 .net "DataR", 31 0, L_0x56160c67d750;  1 drivers
v0x56160c66cfb0_0 .var "DataW", 31 0;
v0x56160c66d080_0 .var "MemRW", 0 0;
v0x56160c66d180_0 .var "addr", 31 0;
v0x56160c66d250_0 .var "clk", 0 0;
S_0x56160c64ff90 .scope module, "uut" "Data_Memory" 3 11, 4 1 0, S_0x56160c64fe00;
 .timescale 0 0;
    .port_info 0 /INPUT 1 "clk";
    .port_info 1 /INPUT 32 "addr";
    .port_info 2 /INPUT 32 "DataW";
    .port_info 3 /INPUT 1 "MemRW";
    .port_info 4 /OUTPUT 32 "DataR";
L_0x7f3fc80d8018 .functor BUFT 1, C4<1>, C4<0>, C4<0>, C4<0>;
L_0x56160c63f500 .functor XNOR 1, v0x56160c66d080_0, L_0x7f3fc80d8018, C4<0>, C4<0>;
v0x56160c63fd80_0 .net "DataR", 31 0, L_0x56160c67d750;  alias, 1 drivers
v0x56160c66c320_0 .net "DataW", 31 0, v0x56160c66cfb0_0;  1 drivers
v0x56160c66c400_0 .net "MemRW", 0 0, v0x56160c66d080_0;  1 drivers
v0x56160c66c4a0 .array "Memory", 0 255, 31 0;
L_0x7f3fc80d8060 .functor BUFT 1, C4<0000000>, C4<0>, C4<0>, C4<0>;
v0x56160c66c560_0 .net *"_ivl_11", 6 0, L_0x7f3fc80d8060;  1 drivers
L_0x7f3fc80d80a8 .functor BUFT 1, C4<00000000000000000000000000000000>, C4<0>, C4<0>, C4<0>;
v0x56160c66c690_0 .net/2u *"_ivl_12", 31 0, L_0x7f3fc80d80a8;  1 drivers
v0x56160c66c770_0 .net/2u *"_ivl_2", 0 0, L_0x7f3fc80d8018;  1 drivers
v0x56160c66c850_0 .net *"_ivl_4", 0 0, L_0x56160c63f500;  1 drivers
v0x56160c66c910_0 .net *"_ivl_6", 31 0, L_0x56160c66d4e0;  1 drivers
v0x56160c66c9f0_0 .net *"_ivl_8", 9 0, L_0x56160c66d580;  1 drivers
v0x56160c66cad0_0 .net "addr", 31 0, v0x56160c66d180_0;  1 drivers
v0x56160c66cbb0_0 .net "clk", 0 0, v0x56160c66d250_0;  1 drivers
v0x56160c66cc70_0 .var/i "f", 31 0;
v0x56160c66cd50_0 .net "ram_addr", 2 0, L_0x56160c66d2f0;  1 drivers
E_0x56160c625e40 .event posedge, v0x56160c66cbb0_0;
L_0x56160c66d2f0 .part v0x56160c66d180_0, 0, 3;
L_0x56160c66d4e0 .array/port v0x56160c66c4a0, L_0x56160c66d580;
L_0x56160c66d580 .concat [ 3 7 0 0], L_0x56160c66d2f0, L_0x7f3fc80d8060;
L_0x56160c67d750 .functor MUXZ 32, L_0x7f3fc80d80a8, L_0x56160c66d4e0, L_0x56160c63f500, C4<>;
    .scope S_0x56160c64ff90;
T_0 ;
    %vpi_call/w 4 18 "$readmemb", "./test.data", v0x56160c66c4a0 {0 0 0};
    %vpi_func 4 21 "$fopen" 32, "./test.o", "w" {0 0 0};
    %store/vec4 v0x56160c66cc70_0, 0, 32;
    %vpi_call/w 4 24 "$fdisplay", v0x56160c66cc70_0, "time = %d\012", $time {0 0 0};
    %vpi_call/w 4 25 "$fdisplay", v0x56160c66cc70_0, "\011memory[0] = %b", &A<v0x56160c66c4a0, 0> {0 0 0};
    %vpi_call/w 4 26 "$fdisplay", v0x56160c66cc70_0, "\011memory[1] = %b", &A<v0x56160c66c4a0, 1> {0 0 0};
    %vpi_call/w 4 27 "$fdisplay", v0x56160c66cc70_0, "\011memory[2] = %b", &A<v0x56160c66c4a0, 2> {0 0 0};
    %vpi_call/w 4 28 "$fdisplay", v0x56160c66cc70_0, "\011memory[3] = %b", &A<v0x56160c66c4a0, 3> {0 0 0};
    %vpi_call/w 4 29 "$fdisplay", v0x56160c66cc70_0, "\011memory[4] = %b", &A<v0x56160c66c4a0, 4> {0 0 0};
    %vpi_call/w 4 30 "$fdisplay", v0x56160c66cc70_0, "\011memory[5] = %b", &A<v0x56160c66c4a0, 5> {0 0 0};
    %vpi_call/w 4 31 "$fdisplay", v0x56160c66cc70_0, "\011memory[6] = %b", &A<v0x56160c66c4a0, 6> {0 0 0};
    %vpi_call/w 4 32 "$fdisplay", v0x56160c66cc70_0, "\011memory[7] = %b", &A<v0x56160c66c4a0, 7> {0 0 0};
    %delay 320, 0;
    %vpi_call/w 4 35 "$fclose", v0x56160c66cc70_0 {0 0 0};
    %end;
    .thread T_0;
    .scope S_0x56160c64ff90;
T_1 ;
    %wait E_0x56160c625e40;
    %load/vec4 v0x56160c66c400_0;
    %nor/r;
    %flag_set/vec4 8;
    %jmp/0xz  T_1.0, 8;
    %load/vec4 v0x56160c66c320_0;
    %load/vec4 v0x56160c66cd50_0;
    %pad/u 10;
    %ix/vec4 3;
    %ix/load 4, 0, 0; Constant delay
    %assign/vec4/a/d v0x56160c66c4a0, 0, 4;
T_1.0 ;
    %jmp T_1;
    .thread T_1;
    .scope S_0x56160c64fe00;
T_2 ;
    %delay 5, 0;
    %load/vec4 v0x56160c66d250_0;
    %inv;
    %store/vec4 v0x56160c66d250_0, 0, 1;
    %jmp T_2;
    .thread T_2;
    .scope S_0x56160c64fe00;
T_3 ;
    %vpi_call/w 3 26 "$dumpfile", "DMEM.vcd" {0 0 0};
    %vpi_call/w 3 27 "$dumpvars" {0 0 0};
    %pushi/vec4 0, 0, 1;
    %store/vec4 v0x56160c66d250_0, 0, 1;
    %pushi/vec4 0, 0, 32;
    %store/vec4 v0x56160c66d180_0, 0, 32;
    %pushi/vec4 0, 0, 32;
    %store/vec4 v0x56160c66cfb0_0, 0, 32;
    %pushi/vec4 0, 0, 1;
    %store/vec4 v0x56160c66d080_0, 0, 1;
    %vpi_call/w 3 35 "$monitor", "Time = %0t | addr = %h | DataW = %h | MemRW = %b | DataR = %h", $time, v0x56160c66d180_0, v0x56160c66cfb0_0, v0x56160c66d080_0, v0x56160c66ced0_0 {0 0 0};
    %vpi_call/w 3 38 "$readmemb", "./test.data", v0x56160c66c4a0 {0 0 0};
    %delay 10, 0;
    %pushi/vec4 0, 0, 1;
    %store/vec4 v0x56160c66d080_0, 0, 1;
    %pushi/vec4 0, 0, 32;
    %store/vec4 v0x56160c66d180_0, 0, 32;
    %pushi/vec4 2882400001, 0, 32;
    %store/vec4 v0x56160c66cfb0_0, 0, 32;
    %delay 10, 0;
    %pushi/vec4 1, 0, 1;
    %store/vec4 v0x56160c66d080_0, 0, 1;
    %pushi/vec4 0, 0, 32;
    %store/vec4 v0x56160c66d180_0, 0, 32;
    %delay 10, 0;
    %pushi/vec4 0, 0, 1;
    %store/vec4 v0x56160c66d080_0, 0, 1;
    %pushi/vec4 4, 0, 32;
    %store/vec4 v0x56160c66d180_0, 0, 32;
    %pushi/vec4 2557891634, 0, 32;
    %store/vec4 v0x56160c66cfb0_0, 0, 32;
    %delay 10, 0;
    %pushi/vec4 1, 0, 1;
    %store/vec4 v0x56160c66d080_0, 0, 1;
    %pushi/vec4 4, 0, 32;
    %store/vec4 v0x56160c66d180_0, 0, 32;
    %delay 10, 0;
    %pushi/vec4 1, 0, 1;
    %store/vec4 v0x56160c66d080_0, 0, 1;
    %pushi/vec4 0, 0, 32;
    %store/vec4 v0x56160c66d180_0, 0, 32;
    %delay 10, 0;
    %pushi/vec4 4, 0, 32;
    %store/vec4 v0x56160c66d180_0, 0, 32;
    %delay 10, 0;
    %vpi_call/w 3 73 "$finish" {0 0 0};
    %end;
    .thread T_3;
# The file index is used to find the file name in the following table.
:file_names 5;
    "N/A";
    "<interactive>";
    "-";
    "DMEM_tb.v";
    "DMEM.v";
