#! /usr/bin/vvp
:ivl_version "11.0 (stable)";
:ivl_delay_selection "TYPICAL";
:vpi_time_precision - 12;
:vpi_module "/usr/lib/x86_64-linux-gnu/ivl/system.vpi";
:vpi_module "/usr/lib/x86_64-linux-gnu/ivl/vhdl_sys.vpi";
:vpi_module "/usr/lib/x86_64-linux-gnu/ivl/vhdl_textio.vpi";
:vpi_module "/usr/lib/x86_64-linux-gnu/ivl/v2005_math.vpi";
:vpi_module "/usr/lib/x86_64-linux-gnu/ivl/va_math.vpi";
:vpi_module "/usr/lib/x86_64-linux-gnu/ivl/v2009.vpi";
S_0x5604a998aeb0 .scope package, "$unit" "$unit" 2 1;
 .timescale 0 0;
S_0x5604a998b040 .scope module, "Instruction_Memory_tb" "Instruction_Memory_tb" 3 3;
 .timescale -9 -12;
v0x5604a99a43a0_0 .var "addr", 31 0;
v0x5604a99a4490_0 .var "expected_inst", 31 0;
v0x5604a99a4550_0 .net "inst", 31 0, L_0x5604a997a460;  1 drivers
S_0x5604a9950cf0 .scope task, "check_instruction" "check_instruction" 3 56, 3 56 0, S_0x5604a998b040;
 .timescale -9 -12;
v0x5604a9950ed0_0 .var "address", 31 0;
TD_Instruction_Memory_tb.check_instruction ;
    %load/vec4 v0x5604a9950ed0_0;
    %dup/vec4;
    %pushi/vec4 0, 0, 32;
    %cmp/u;
    %jmp/1 T_0.0, 6;
    %dup/vec4;
    %pushi/vec4 1, 0, 32;
    %cmp/u;
    %jmp/1 T_0.1, 6;
    %dup/vec4;
    %pushi/vec4 2, 0, 32;
    %cmp/u;
    %jmp/1 T_0.2, 6;
    %dup/vec4;
    %pushi/vec4 3, 0, 32;
    %cmp/u;
    %jmp/1 T_0.3, 6;
    %dup/vec4;
    %pushi/vec4 4, 0, 32;
    %cmp/u;
    %jmp/1 T_0.4, 6;
    %pushi/vec4 0, 0, 32;
    %store/vec4 v0x5604a99a4490_0, 0, 32;
    %jmp T_0.6;
T_0.0 ;
    %pushi/vec4 20627, 0, 32;
    %store/vec4 v0x5604a99a4490_0, 0, 32;
    %jmp T_0.6;
T_0.1 ;
    %pushi/vec4 22675, 0, 32;
    %store/vec4 v0x5604a99a4490_0, 0, 32;
    %jmp T_0.6;
T_0.2 ;
    %pushi/vec4 361315, 0, 32;
    %store/vec4 v0x5604a99a4490_0, 0, 32;
    %jmp T_0.6;
T_0.3 ;
    %pushi/vec4 2463379, 0, 32;
    %store/vec4 v0x5604a99a4490_0, 0, 32;
    %jmp T_0.6;
T_0.4 ;
    %pushi/vec4 12848819, 0, 32;
    %store/vec4 v0x5604a99a4490_0, 0, 32;
    %jmp T_0.6;
T_0.6 ;
    %pop/vec4 1;
    %load/vec4 v0x5604a99a4550_0;
    %load/vec4 v0x5604a99a4490_0;
    %cmp/e;
    %flag_mov 8, 4;
    %jmp/0 T_0.7, 8;
    %pushi/vec4 1348563827, 0, 32; draw_string_vec4
    %jmp/1 T_0.8, 8;
T_0.7 ; End of true expr.
    %pushi/vec4 1180789100, 0, 32; draw_string_vec4
    %jmp/0 T_0.8, 8;
 ; End of false expr.
    %blend;
T_0.8;
    %vpi_call/w 3 70 "$display", "%0dns\011%0d\011%h\011%h\011%s", $time, v0x5604a99a43a0_0, v0x5604a99a4550_0, v0x5604a99a4490_0, S<0,vec4,u32> {1 0 0};
    %end;
S_0x5604a99a3d10 .scope module, "uut" "Instruction_Memory" 3 11, 4 1 0, S_0x5604a998b040;
 .timescale 0 0;
    .port_info 0 /INPUT 32 "addr";
    .port_info 1 /OUTPUT 32 "inst";
P_0x5604a99a3f10 .param/l "LENGTH" 0 4 2, +C4<00000000000000000000000000111100>;
L_0x5604a997a460 .functor BUFZ 32, L_0x5604a99a4650, C4<00000000000000000000000000000000>, C4<00000000000000000000000000000000>, C4<00000000000000000000000000000000>;
v0x5604a99a3fb0_0 .net *"_ivl_0", 31 0, L_0x5604a99a4650;  1 drivers
v0x5604a99a40b0_0 .net "addr", 31 0, v0x5604a99a43a0_0;  1 drivers
v0x5604a99a4190_0 .net "inst", 31 0, L_0x5604a997a460;  alias, 1 drivers
v0x5604a99a4280 .array "memory", 0 255, 31 0;
L_0x5604a99a4650 .array/port v0x5604a99a4280, v0x5604a99a43a0_0;
    .scope S_0x5604a99a3d10;
T_1 ;
    %vpi_call/w 4 10 "$readmemb", "./test.prog", v0x5604a99a4280, 32'sb00000000000000000000000000000000, P_0x5604a99a3f10 {0 0 0};
    %end;
    .thread T_1;
    .scope S_0x5604a998b040;
T_2 ;
    %vpi_call/w 3 20 "$dumpfile", "IMEM.vcd" {0 0 0};
    %vpi_call/w 3 21 "$dumpvars", 32'sb00000000000000000000000000000000, S_0x5604a998b040 {0 0 0};
    %vpi_call/w 3 25 "$display", "Time\011Addr\011Instruction\011Expected Instruction\011Pass/Fail" {0 0 0};
    %vpi_call/w 3 28 "$readmemb", "test.prog", v0x5604a99a4280, 32'sb00000000000000000000000000000000, 32'sb00000000000000000000000000111011 {0 0 0};
    %pushi/vec4 0, 0, 32;
    %store/vec4 v0x5604a99a43a0_0, 0, 32;
    %delay 10000, 0;
    %pushi/vec4 0, 0, 32;
    %store/vec4 v0x5604a9950ed0_0, 0, 32;
    %fork TD_Instruction_Memory_tb.check_instruction, S_0x5604a9950cf0;
    %join;
    %pushi/vec4 1, 0, 32;
    %store/vec4 v0x5604a99a43a0_0, 0, 32;
    %delay 10000, 0;
    %pushi/vec4 1, 0, 32;
    %store/vec4 v0x5604a9950ed0_0, 0, 32;
    %fork TD_Instruction_Memory_tb.check_instruction, S_0x5604a9950cf0;
    %join;
    %pushi/vec4 2, 0, 32;
    %store/vec4 v0x5604a99a43a0_0, 0, 32;
    %delay 10000, 0;
    %pushi/vec4 2, 0, 32;
    %store/vec4 v0x5604a9950ed0_0, 0, 32;
    %fork TD_Instruction_Memory_tb.check_instruction, S_0x5604a9950cf0;
    %join;
    %pushi/vec4 3, 0, 32;
    %store/vec4 v0x5604a99a43a0_0, 0, 32;
    %delay 10000, 0;
    %pushi/vec4 3, 0, 32;
    %store/vec4 v0x5604a9950ed0_0, 0, 32;
    %fork TD_Instruction_Memory_tb.check_instruction, S_0x5604a9950cf0;
    %join;
    %pushi/vec4 4, 0, 32;
    %store/vec4 v0x5604a99a43a0_0, 0, 32;
    %delay 10000, 0;
    %pushi/vec4 4, 0, 32;
    %store/vec4 v0x5604a9950ed0_0, 0, 32;
    %fork TD_Instruction_Memory_tb.check_instruction, S_0x5604a9950cf0;
    %join;
    %vpi_call/w 3 52 "$finish" {0 0 0};
    %end;
    .thread T_2;
# The file index is used to find the file name in the following table.
:file_names 5;
    "N/A";
    "<interactive>";
    "-";
    "IMEM_tb.v";
    "IMEM.v";
